2025-07-19 12:09:14,286 - INFO - ============================================================
2025-07-19 12:09:14,286 - INFO - AI ê²€ì‚¬ ì‹œìŠ¤í…œ Flask ì„œë²„ ì‹œì‘
2025-07-19 12:09:14,286 - INFO - ============================================================
2025-07-19 12:09:14,286 - INFO - ë°ì´í„°ë² ì´ìŠ¤ ì´ˆê¸°í™” ì¤‘...
2025-07-19 12:09:14,292 - INFO - ë°ì´í„°ë² ì´ìŠ¤ ì´ˆê¸°í™” ì™„ë£Œ
2025-07-19 12:09:14,292 - INFO - YOLO ëª¨ë¸ ì´ˆê¸°í™” ì¤‘...
2025-07-19 12:09:14,293 - INFO - ëª¨ë¸ ê²€ìƒ‰ ìˆœì„œ:
2025-07-19 12:09:14,293 - INFO -   1. ./inspectionmodule/defect_detection_model_20250719_115333.pt
2025-07-19 12:09:14,293 - INFO -   2. ./inspectionmodule\defect_detection_model_20250719_115333.pt
2025-07-19 12:09:14,293 - INFO -   3. ./inspectionmodule/runs/detect/train2222/weights/best.pt
2025-07-19 12:09:14,293 - INFO -   4. ./inspectionmodule/runs/detect/train222/weights/best.pt
2025-07-19 12:09:14,293 - INFO -   5. ./inspectionmodule/runs/detect/train22/weights/best.pt
2025-07-19 12:09:14,293 - INFO -   6. ./inspectionmodule/runs/detect/train2/weights/best.pt
2025-07-19 12:09:14,293 - INFO -   7. ./inspectionmodule/runs/detect/train/weights/best.pt
2025-07-19 12:09:14,293 - INFO -   8. ./inspectionmodule/yolov8n.pt
2025-07-19 12:09:14,294 - INFO - âœ… ëª¨ë¸ ë°œê²¬: ./inspectionmodule/defect_detection_model_20250719_115333.pt
2025-07-19 12:09:14,354 - INFO - YOLO ëª¨ë¸ ë¡œë“œ ì„±ê³µ: ./inspectionmodule/defect_detection_model_20250719_115333.pt
2025-07-19 12:09:14,354 - INFO - ëª¨ë¸ í´ë˜ìŠ¤: {0: 'defect'}
2025-07-19 12:09:14,354 - INFO - ëª¨ë¸ í´ë˜ìŠ¤ ê°œìˆ˜: 1
2025-07-19 12:09:14,354 - INFO - YOLO ëª¨ë¸ ë¡œë“œ ì„±ê³µ
2025-07-19 12:09:14,354 - INFO - Flask ì„œë²„ ì‹œì‘...
2025-07-19 12:09:14,354 - INFO - API ì—”ë“œí¬ì¸íŠ¸:
2025-07-19 12:09:14,354 - INFO -   POST /inspect - ì´ë¯¸ì§€ ë¶ˆëŸ‰ ê²€ì‚¬
2025-07-19 12:09:14,354 - INFO -   GET /health - ì„œë²„ ìƒíƒœ í™•ì¸
2025-07-19 12:09:14,369 - INFO -   GET /model/status - ëª¨ë¸ ìƒíƒœ í™•ì¸
2025-07-19 12:09:14,369 - INFO -   GET /logs - ê²€ì‚¬ ë¡œê·¸ ì¡°íšŒ
2025-07-19 12:09:14,369 - INFO -   GET /logs/stats - ê²€ì‚¬ í†µê³„ ì •ë³´
2025-07-19 12:09:14,369 - INFO -   GET /results/<filename> - ê²°ê³¼ ì´ë¯¸ì§€ ë‹¤ìš´ë¡œë“œ
2025-07-19 12:09:14,369 - INFO - ============================================================
2025-07-19 12:09:14,387 - INFO - [31m[1mWARNING: This is a development server. Do not use it in a production deployment. Use a production WSGI server instead.[0m
 * Running on all addresses (0.0.0.0)
 * Running on http://127.0.0.1:5000
 * Running on http://192.168.10.48:5000
2025-07-19 12:09:14,388 - INFO - [33mPress CTRL+C to quit[0m
2025-07-19 12:09:14,398 - INFO -  * Restarting with watchdog (windowsapi)
2025-07-19 12:09:16,039 - INFO - ============================================================
2025-07-19 12:09:16,039 - INFO - AI ê²€ì‚¬ ì‹œìŠ¤í…œ Flask ì„œë²„ ì‹œì‘
2025-07-19 12:09:16,039 - INFO - ============================================================
2025-07-19 12:09:16,039 - INFO - ë°ì´í„°ë² ì´ìŠ¤ ì´ˆê¸°í™” ì¤‘...
2025-07-19 12:09:16,040 - INFO - ë°ì´í„°ë² ì´ìŠ¤ ì´ˆê¸°í™” ì™„ë£Œ
2025-07-19 12:09:16,041 - INFO - YOLO ëª¨ë¸ ì´ˆê¸°í™” ì¤‘...
2025-07-19 12:09:16,041 - INFO - ëª¨ë¸ ê²€ìƒ‰ ìˆœì„œ:
2025-07-19 12:09:16,041 - INFO -   1. ./inspectionmodule/defect_detection_model_20250719_115333.pt
2025-07-19 12:09:16,041 - INFO -   2. ./inspectionmodule\defect_detection_model_20250719_115333.pt
2025-07-19 12:09:16,041 - INFO -   3. ./inspectionmodule/runs/detect/train2222/weights/best.pt
2025-07-19 12:09:16,041 - INFO -   4. ./inspectionmodule/runs/detect/train222/weights/best.pt
2025-07-19 12:09:16,041 - INFO -   5. ./inspectionmodule/runs/detect/train22/weights/best.pt
2025-07-19 12:09:16,041 - INFO -   6. ./inspectionmodule/runs/detect/train2/weights/best.pt
2025-07-19 12:09:16,041 - INFO -   7. ./inspectionmodule/runs/detect/train/weights/best.pt
2025-07-19 12:09:16,042 - INFO -   8. ./inspectionmodule/yolov8n.pt
2025-07-19 12:09:16,042 - INFO - âœ… ëª¨ë¸ ë°œê²¬: ./inspectionmodule/defect_detection_model_20250719_115333.pt
2025-07-19 12:09:16,102 - INFO - YOLO ëª¨ë¸ ë¡œë“œ ì„±ê³µ: ./inspectionmodule/defect_detection_model_20250719_115333.pt
2025-07-19 12:09:16,102 - INFO - ëª¨ë¸ í´ë˜ìŠ¤: {0: 'defect'}
2025-07-19 12:09:16,102 - INFO - ëª¨ë¸ í´ë˜ìŠ¤ ê°œìˆ˜: 1
2025-07-19 12:09:16,102 - INFO - YOLO ëª¨ë¸ ë¡œë“œ ì„±ê³µ
2025-07-19 12:09:16,102 - INFO - Flask ì„œë²„ ì‹œì‘...
2025-07-19 12:09:16,102 - INFO - API ì—”ë“œí¬ì¸íŠ¸:
2025-07-19 12:09:16,102 - INFO -   POST /inspect - ì´ë¯¸ì§€ ë¶ˆëŸ‰ ê²€ì‚¬
2025-07-19 12:09:16,102 - INFO -   GET /health - ì„œë²„ ìƒíƒœ í™•ì¸
2025-07-19 12:09:16,102 - INFO -   GET /model/status - ëª¨ë¸ ìƒíƒœ í™•ì¸
2025-07-19 12:09:16,102 - INFO -   GET /logs - ê²€ì‚¬ ë¡œê·¸ ì¡°íšŒ
2025-07-19 12:09:16,102 - INFO -   GET /logs/stats - ê²€ì‚¬ í†µê³„ ì •ë³´
2025-07-19 12:09:16,102 - INFO -   GET /results/<filename> - ê²°ê³¼ ì´ë¯¸ì§€ ë‹¤ìš´ë¡œë“œ
2025-07-19 12:09:16,102 - INFO - ============================================================
2025-07-19 12:09:16,120 - WARNING -  * Debugger is active!
2025-07-19 12:09:16,123 - INFO -  * Debugger PIN: 523-266-285
2025-07-19 12:09:19,021 - INFO - 127.0.0.1 - - [19/Jul/2025 12:09:19] "GET /health HTTP/1.1" 200 -
2025-07-19 12:09:19,286 - INFO - 127.0.0.1 - - [19/Jul/2025 12:09:19] "GET /health HTTP/1.1" 200 -
2025-07-19 12:09:45,747 - INFO - ì´ë¯¸ì§€ ê²€ì‚¬ ìš”ì²­ ìˆ˜ì‹ 
2025-07-19 12:09:45,753 - INFO - íŒŒì¼ ì €ì¥ ì™„ë£Œ: ./inspectionmodule/appset\20250719_120945_7afdc2fb465a4aee9e07de3b01eb6191_1057.PNG
2025-07-19 12:09:45,761 - INFO - ì´ë¯¸ì§€ í¬ê¸°: 512x512
2025-07-19 12:09:45,761 - INFO - YOLO ê²€ì¶œ ì‹œì‘
2025-07-19 12:09:47,038 - INFO - ê²€ì‚¬ ë¡œê·¸ ì €ì¥ ì™„ë£Œ
2025-07-19 12:09:47,038 - INFO - ê²€ì‚¬ ì™„ë£Œ: ì •ìƒ (ì‹ ë¢°ë„: 0.000, ì²˜ë¦¬ì‹œê°„: 1.28ì´ˆ)
2025-07-19 12:09:47,039 - INFO - 127.0.0.1 - - [19/Jul/2025 12:09:47] "POST /inspect HTTP/1.1" 200 -
2025-07-19 12:09:47,384 - INFO - 127.0.0.1 - - [19/Jul/2025 12:09:47] "GET /results/result_d953f9ffebf14af29d1b4c429a00e2b2.jpg HTTP/1.1" 200 -
2025-07-19 12:12:44,770 - INFO - ì´ë¯¸ì§€ ê²€ì‚¬ ìš”ì²­ ìˆ˜ì‹ 
2025-07-19 12:12:44,770 - INFO - íŒŒì¼ ì €ì¥ ì™„ë£Œ: ./inspectionmodule/appset\20250719_121244_142d5c26cb40492aaa42f12725db29cc_1023.PNG
2025-07-19 12:12:44,770 - INFO - ì´ë¯¸ì§€ í¬ê¸°: 512x512
2025-07-19 12:12:44,770 - INFO - YOLO ê²€ì¶œ ì‹œì‘
2025-07-19 12:12:44,836 - INFO - ê²€ì¶œ ê²°ê³¼: 1ê°œ ê°ì²´, ë¶ˆëŸ‰: 1ê°œ, ìµœëŒ€ì‹ ë¢°ë„: 0.772
2025-07-19 12:12:44,836 - INFO - ê²€ì‚¬ ë¡œê·¸ ì €ì¥ ì™„ë£Œ
2025-07-19 12:12:44,836 - INFO - ê²€ì‚¬ ì™„ë£Œ: ë¶ˆëŸ‰ (ì‹ ë¢°ë„: 0.772, ì²˜ë¦¬ì‹œê°„: 0.07ì´ˆ)
2025-07-19 12:12:44,836 - INFO - 127.0.0.1 - - [19/Jul/2025 12:12:44] "POST /inspect HTTP/1.1" 200 -
2025-07-19 12:12:45,186 - INFO - 127.0.0.1 - - [19/Jul/2025 12:12:45] "GET /results/result_aa877500d0364d08a0cf9d4fe0723f41.jpg HTTP/1.1" 200 -
2025-07-19 12:12:52,206 - INFO - 127.0.0.1 - - [19/Jul/2025 12:12:52] "GET /logs?limit=200 HTTP/1.1" 200 -
2025-07-19 12:12:52,520 - INFO - 127.0.0.1 - - [19/Jul/2025 12:12:52] "GET /logs?limit=200 HTTP/1.1" 200 -
2025-07-19 12:12:52,521 - INFO - 127.0.0.1 - - [19/Jul/2025 12:12:52] "GET /logs/stats HTTP/1.1" 200 -
2025-07-19 12:12:52,834 - INFO - 127.0.0.1 - - [19/Jul/2025 12:12:52] "GET /logs/stats HTTP/1.1" 200 -
2025-07-19 12:13:00,075 - INFO - 127.0.0.1 - - [19/Jul/2025 12:13:00] "[36mGET /results/result_aa877500d0364d08a0cf9d4fe0723f41.jpg HTTP/1.1[0m" 304 -
2025-07-19 12:13:00,403 - INFO - 127.0.0.1 - - [19/Jul/2025 12:13:00] "[33mGET /favicon.ico HTTP/1.1[0m" 404 -
2025-07-19 12:13:14,722 - INFO - 127.0.0.1 - - [19/Jul/2025 12:13:14] "[36mGET /results/result_d953f9ffebf14af29d1b4c429a00e2b2.jpg HTTP/1.1[0m" 304 -
