2025-07-19 10:50:48,314 - INFO - 최대 999개 이미지 어노테이션 시작
2025-07-19 10:51:02,127 - INFO - 바운딩 박스 추가: {'class': 0, 'x_center': np.float64(0.23035460633116883), 'y_center': np.float64(0.43733512581168815), 'width': np.float64(0.21590909090909083), 'height': np.float64(0.2142857142857143)}
2025-07-19 10:51:14,480 - INFO - 어노테이션 저장: annotations\1171.txt
2025-07-19 10:51:20,261 - INFO - 어노테이션 완료: 1개 이미지
2025-07-19 10:53:10,550 - INFO - 최대 999개 이미지 어노테이션 시작
2025-07-19 10:53:44,782 - INFO - 최대 999개 이미지 어노테이션 시작
2025-07-19 10:53:47,491 - INFO - 바운딩 박스 추가: {'class': 0, 'x_center': np.float64(0.49090655438311703), 'y_center': np.float64(0.32938058035714274), 'width': np.float64(0.25649350649350655), 'height': np.float64(0.2094155844155844)}
2025-07-19 10:53:47,573 - INFO - 어노테이션 저장: annotations\1154.txt
2025-07-19 10:53:47,573 - INFO - 어노테이션 자동 저장 완료 - 다음 이미지로 이동
2025-07-19 10:53:49,564 - INFO - 바운딩 박스 추가: {'class': 0, 'x_center': np.float64(0.23765980113636365), 'y_center': np.float64(0.4430169439935064), 'width': np.float64(0.18506493506493504), 'height': np.float64(0.19967532467532478)}
2025-07-19 10:53:49,638 - INFO - 어노테이션 저장: annotations\1171.txt
2025-07-19 10:53:49,638 - INFO - 어노테이션 자동 저장 완료 - 다음 이미지로 이동
2025-07-19 10:53:51,273 - INFO - 바운딩 박스 추가: {'class': 0, 'x_center': np.float64(0.5201273336038962), 'y_center': np.float64(0.4925299310064934), 'width': np.float64(0.29545454545454564), 'height': np.float64(0.17207792207792216)}
2025-07-19 10:53:51,338 - INFO - 어노테이션 저장: annotations\1183.txt
2025-07-19 10:53:51,338 - INFO - 어노테이션 자동 저장 완료 - 다음 이미지로 이동
2025-07-19 10:53:53,658 - INFO - 바운딩 박스 추가: {'class': 0, 'x_center': np.float64(0.18652343750000006), 'y_center': np.float64(0.10373122970779203), 'width': np.float64(0.17694805194805197), 'height': np.float64(0.1607142857142858)}
2025-07-19 10:53:53,721 - INFO - 어노테이션 저장: annotations\1186.txt
2025-07-19 10:53:53,721 - INFO - 어노테이션 자동 저장 완료 - 다음 이미지로 이동
2025-07-19 10:53:56,527 - INFO - 바운딩 박스 추가: {'class': 0, 'x_center': np.float64(0.1443156452922078), 'y_center': np.float64(0.3878221387987012), 'width': np.float64(0.22889610389610393), 'height': np.float64(0.2094155844155845)}
2025-07-19 10:53:56,588 - INFO - 어노테이션 저장: annotations\1195.txt
2025-07-19 10:53:56,588 - INFO - 어노테이션 자동 저장 완료 - 다음 이미지로 이동
2025-07-19 10:53:58,127 - INFO - 바운딩 박스 추가: {'class': 0, 'x_center': np.float64(0.31720525568181823), 'y_center': np.float64(0.4974000608766233), 'width': np.float64(0.21753246753246758), 'height': np.float64(0.1428571428571429)}
2025-07-19 10:53:58,188 - INFO - 어노테이션 저장: annotations\1211.txt
2025-07-19 10:53:58,188 - INFO - 어노테이션 자동 저장 완료 - 다음 이미지로 이동
2025-07-19 10:53:59,838 - INFO - 바운딩 박스 추가: {'class': 0, 'x_center': np.float64(0.5452896712662338), 'y_center': np.float64(0.34317928165584405), 'width': np.float64(0.21590909090909083), 'height': np.float64(0.1785714285714285)}
2025-07-19 10:53:59,905 - INFO - 어노테이션 저장: annotations\1225.txt
2025-07-19 10:53:59,905 - INFO - 어노테이션 자동 저장 완료 - 다음 이미지로 이동
2025-07-19 10:54:01,414 - INFO - 바운딩 박스 추가: {'class': 0, 'x_center': np.float64(0.32613382711038963), 'y_center': np.float64(0.4438286323051947), 'width': np.float64(0.2451298701298702), 'height': np.float64(0.237012987012987)}
2025-07-19 10:54:01,488 - INFO - 어노테이션 저장: annotations\1249.txt
2025-07-19 10:54:01,488 - INFO - 어노테이션 자동 저장 완료 - 다음 이미지로 이동
2025-07-19 10:54:03,063 - INFO - 바운딩 박스 추가: {'class': 0, 'x_center': np.float64(0.16298447646103897), 'y_center': np.float64(0.5022701907467532), 'width': np.float64(0.262987012987013), 'height': np.float64(0.20454545454545459)}
2025-07-19 10:54:03,121 - INFO - 어노테이션 저장: annotations\1250.txt
2025-07-19 10:54:03,121 - INFO - 어노테이션 자동 저장 완료 - 다음 이미지로 이동
2025-07-19 10:54:04,708 - INFO - 바운딩 박스 추가: {'class': 0, 'x_center': np.float64(0.3350623985389611), 'y_center': np.float64(0.5517831777597402), 'width': np.float64(0.23051948051948057), 'height': np.float64(0.20292207792207795)}
2025-07-19 10:54:04,771 - INFO - 어노테이션 저장: annotations\1251.txt
2025-07-19 10:54:04,771 - INFO - 어노테이션 자동 저장 완료 - 다음 이미지로 이동
2025-07-19 10:54:07,210 - INFO - 바운딩 박스 추가: {'class': 0, 'x_center': np.float64(0.11915330762987009), 'y_center': np.float64(0.5948026582792207), 'width': np.float64(0.2142857142857143), 'height': np.float64(0.1883116883116882)}
2025-07-19 10:54:07,288 - INFO - 어노테이션 저장: annotations\1254.txt
2025-07-19 10:54:07,288 - INFO - 어노테이션 자동 저장 완료 - 다음 이미지로 이동
2025-07-19 10:54:09,126 - INFO - 바운딩 박스 추가: {'class': 0, 'x_center': np.float64(0.1759714894480519), 'y_center': np.float64(0.7571403206168831), 'width': np.float64(0.20454545454545459), 'height': np.float64(0.22402597402597402)}
2025-07-19 10:54:09,188 - INFO - 어노테이션 저장: annotations\1260.txt
2025-07-19 10:54:09,188 - INFO - 어노테이션 자동 저장 완료 - 다음 이미지로 이동
2025-07-19 10:54:11,181 - INFO - 바운딩 박스 추가: {'class': 0, 'x_center': np.float64(0.2271078530844156), 'y_center': np.float64(0.17028967126623362), 'width': np.float64(0.18668831168831168), 'height': np.float64(0.18993506493506507)}
2025-07-19 10:54:11,255 - INFO - 어노테이션 저장: annotations\1270.txt
2025-07-19 10:54:11,255 - INFO - 어노테이션 자동 저장 완료 - 다음 이미지로 이동
2025-07-19 10:54:13,515 - INFO - 바운딩 박스 추가: {'class': 0, 'x_center': np.float64(0.13538707386363635), 'y_center': np.float64(0.4998351258116882), 'width': np.float64(0.1655844155844156), 'height': np.float64(0.1737012987012987)}
2025-07-19 10:54:13,570 - INFO - 어노테이션 저장: annotations\1274.txt
2025-07-19 10:54:13,570 - INFO - 어노테이션 자동 저장 완료 - 다음 이미지로 이동
2025-07-19 10:54:15,533 - INFO - 바운딩 박스 추가: {'class': 0, 'x_center': np.float64(0.10210785308441556), 'y_center': np.float64(0.40080915178571414), 'width': np.float64(0.15422077922077926), 'height': np.float64(0.1607142857142857)}
2025-07-19 10:54:15,587 - INFO - 어노테이션 저장: annotations\1280.txt
2025-07-19 10:54:15,587 - INFO - 어노테이션 자동 저장 완료 - 다음 이미지로 이동
2025-07-19 10:54:17,894 - INFO - 바운딩 박스 추가: {'class': 0, 'x_center': np.float64(0.4633091517857144), 'y_center': np.float64(0.2839260349025973), 'width': np.float64(0.20454545454545459), 'height': np.float64(0.1607142857142857)}
2025-07-19 10:54:17,955 - INFO - 어노테이션 저장: annotations\1287.txt
2025-07-19 10:54:17,955 - INFO - 어노테이션 자동 저장 완료 - 다음 이미지로 이동
2025-07-19 10:54:19,746 - INFO - 바운딩 박스 추가: {'class': 0, 'x_center': np.float64(0.2603870738636364), 'y_center': np.float64(0.5152572037337662), 'width': np.float64(0.25), 'height': np.float64(0.21103896103896108)}
2025-07-19 10:54:19,821 - INFO - 어노테이션 저장: annotations\1297.txt
2025-07-19 10:54:19,821 - INFO - 어노테이션 자동 저장 완료 - 다음 이미지로 이동
2025-07-19 10:54:21,615 - INFO - 바운딩 박스 추가: {'class': 0, 'x_center': np.float64(0.20762733360389612), 'y_center': np.float64(0.3626598011363635), 'width': np.float64(0.19318181818181812), 'height': np.float64(0.1915584415584416)}
2025-07-19 10:54:21,688 - INFO - 어노테이션 저장: annotations\1300.txt
2025-07-19 10:54:21,688 - INFO - 어노테이션 자동 저장 완료 - 다음 이미지로 이동
2025-07-19 10:54:23,416 - INFO - 바운딩 박스 추가: {'class': 0, 'x_center': np.float64(0.4073026582792208), 'y_center': np.float64(0.40892603490259727), 'width': np.float64(0.1737012987012987), 'height': np.float64(0.17045454545454541)}
2025-07-19 10:54:23,471 - INFO - 어노테이션 저장: annotations\1301.txt
2025-07-19 10:54:23,471 - INFO - 어노테이션 자동 저장 완료 - 다음 이미지로 이동
2025-07-19 10:54:25,168 - INFO - 바운딩 박스 추가: {'class': 0, 'x_center': np.float64(0.15080915178571425), 'y_center': np.float64(0.4998351258116882), 'width': np.float64(0.1737012987012987), 'height': np.float64(0.1737012987012987)}
2025-07-19 10:54:25,237 - INFO - 어노테이션 저장: annotations\1319.txt
2025-07-19 10:54:25,238 - INFO - 어노테이션 자동 저장 완료 - 다음 이미지로 이동
2025-07-19 10:54:26,860 - INFO - 바운딩 박스 추가: {'class': 0, 'x_center': np.float64(0.3147701907467533), 'y_center': np.float64(0.6516208400974025), 'width': np.float64(0.16720779220779225), 'height': np.float64(0.1655844155844155)}
2025-07-19 10:54:26,938 - INFO - 어노테이션 저장: annotations\1321.txt
2025-07-19 10:54:26,938 - INFO - 어노테이션 자동 저장 완료 - 다음 이미지로 이동
2025-07-19 10:54:29,275 - INFO - 바운딩 박스 추가: {'class': 0, 'x_center': np.float64(0.08506239853896103), 'y_center': np.float64(0.37240006087662325), 'width': np.float64(0.15584415584415579), 'height': np.float64(0.16883116883116878)}
2025-07-19 10:54:29,338 - INFO - 어노테이션 저장: annotations\1328.txt
2025-07-19 10:54:29,338 - INFO - 어노테이션 자동 저장 완료 - 다음 이미지로 이동
2025-07-19 10:54:31,018 - INFO - 바운딩 박스 추가: {'class': 0, 'x_center': np.float64(0.15162084009740262), 'y_center': np.float64(0.2449649959415583), 'width': np.float64(0.1655844155844156), 'height': np.float64(0.19967532467532467)}
2025-07-19 10:54:31,072 - INFO - 어노테이션 저장: annotations\1329.txt
2025-07-19 10:54:31,072 - INFO - 어노테이션 자동 저장 완료 - 다음 이미지로 이동
2025-07-19 10:54:32,971 - INFO - 바운딩 박스 추가: {'class': 0, 'x_center': np.float64(0.10860135957792205), 'y_center': np.float64(0.34561434659090895), 'width': np.float64(0.17045454545454553), 'height': np.float64(0.19967532467532467)}
2025-07-19 10:54:33,038 - INFO - 어노테이션 저장: annotations\1364.txt
2025-07-19 10:54:33,038 - INFO - 어노테이션 자동 저장 완료 - 다음 이미지로 이동
2025-07-19 10:54:34,658 - INFO - 바운딩 박스 추가: {'class': 0, 'x_center': np.float64(0.49171824269480524), 'y_center': np.float64(0.5047052556818181), 'width': np.float64(0.22240259740259738), 'height': np.float64(0.17370129870129875)}
2025-07-19 10:54:34,721 - INFO - 어노테이션 저장: annotations\1367.txt
2025-07-19 10:54:34,721 - INFO - 어노테이션 자동 저장 완료 - 다음 이미지로 이동
2025-07-19 10:54:36,797 - INFO - 바운딩 박스 추가: {'class': 0, 'x_center': np.float64(0.7092507102272728), 'y_center': np.float64(0.6159065543831168), 'width': np.float64(0.17045454545454564), 'height': np.float64(0.168831168831169)}
2025-07-19 10:54:36,855 - INFO - 어노테이션 저장: annotations\1395.txt
2025-07-19 10:54:36,855 - INFO - 어노테이션 자동 저장 완료 - 다음 이미지로 이동
2025-07-19 10:54:38,695 - INFO - 바운딩 박스 추가: {'class': 0, 'x_center': np.float64(0.16460785308441556), 'y_center': np.float64(0.1646078530844155), 'width': np.float64(0.1785714285714286), 'height': np.float64(0.14935064935064934)}
2025-07-19 10:54:38,771 - INFO - 어노테이션 저장: annotations\1406.txt
2025-07-19 10:54:38,771 - INFO - 어노테이션 자동 저장 완료 - 다음 이미지로 이동
2025-07-19 10:54:40,358 - INFO - 바운딩 박스 추가: {'class': 0, 'x_center': np.float64(0.4714260349025975), 'y_center': np.float64(0.28067928165584405), 'width': np.float64(0.18506493506493515), 'height': np.float64(0.16720779220779225)}
2025-07-19 10:54:40,437 - INFO - 어노테이션 저장: annotations\1410.txt
2025-07-19 10:54:40,437 - INFO - 어노테이션 자동 저장 완료 - 다음 이미지로 이동
2025-07-19 10:54:42,151 - INFO - 바운딩 박스 추가: {'class': 0, 'x_center': np.float64(0.12158837256493504), 'y_center': np.float64(0.1913935673701298), 'width': np.float64(0.16396103896103897), 'height': np.float64(0.14123376623376616)}
2025-07-19 10:54:42,221 - INFO - 어노테이션 저장: annotations\1418.txt
2025-07-19 10:54:42,221 - INFO - 어노테이션 자동 저장 완료 - 다음 이미지로 이동
2025-07-19 10:54:44,277 - INFO - 바운딩 박스 추가: {'class': 0, 'x_center': np.float64(0.3090883725649351), 'y_center': np.float64(0.28798447646103886), 'width': np.float64(0.18181818181818188), 'height': np.float64(0.19805194805194803)}
2025-07-19 10:54:44,338 - INFO - 어노테이션 저장: annotations\1427.txt
2025-07-19 10:54:44,338 - INFO - 어노테이션 자동 저장 완료 - 다음 이미지로 이동
2025-07-19 10:54:46,144 - INFO - 바운딩 박스 추가: {'class': 0, 'x_center': np.float64(0.37402343750000006), 'y_center': np.float64(0.3253221387987012), 'width': np.float64(0.20454545454545459), 'height': np.float64(0.1785714285714286)}
2025-07-19 10:54:46,205 - INFO - 어노테이션 저장: annotations\1435.txt
2025-07-19 10:54:46,205 - INFO - 어노테이션 자동 저장 완료 - 다음 이미지로 이동
2025-07-19 10:54:48,120 - INFO - 바운딩 박스 추가: {'class': 0, 'x_center': np.float64(0.24821174918831168), 'y_center': np.float64(0.08993252840909072), 'width': np.float64(0.137987012987013), 'height': np.float64(0.13636363636363646)}
2025-07-19 10:54:48,188 - INFO - 어노테이션 저장: annotations\1437.txt
2025-07-19 10:54:48,188 - INFO - 어노테이션 자동 저장 완료 - 다음 이미지로 이동
2025-07-19 10:54:49,885 - INFO - 바운딩 박스 추가: {'class': 0, 'x_center': np.float64(0.5387961647727273), 'y_center': np.float64(0.3910688920454545), 'width': np.float64(0.21590909090909083), 'height': np.float64(0.15097402597402598)}
2025-07-19 10:54:49,955 - INFO - 어노테이션 저장: annotations\1442.txt
2025-07-19 10:54:49,955 - INFO - 어노테이션 자동 저장 완료 - 다음 이미지로 이동
2025-07-19 10:54:51,557 - INFO - 바운딩 박스 추가: {'class': 0, 'x_center': np.float64(0.4073026582792208), 'y_center': np.float64(0.4535688920454544), 'width': np.float64(0.18019480519480524), 'height': np.float64(0.18506493506493504)}
2025-07-19 10:54:51,621 - INFO - 어노테이션 저장: annotations\1461.txt
2025-07-19 10:54:51,621 - INFO - 어노테이션 자동 저장 완료 - 다음 이미지로 이동
2025-07-19 10:54:53,100 - INFO - 바운딩 박스 추가: {'class': 0, 'x_center': np.float64(0.37970525568181823), 'y_center': np.float64(0.32694551542207784), 'width': np.float64(0.16720779220779225), 'height': np.float64(0.1558441558441559)}
2025-07-19 10:54:53,171 - INFO - 어노테이션 저장: annotations\1462.txt
2025-07-19 10:54:53,171 - INFO - 어노테이션 자동 저장 완료 - 다음 이미지로 이동
2025-07-19 10:54:54,539 - INFO - 바운딩 박스 추가: {'class': 0, 'x_center': np.float64(0.4146078530844156), 'y_center': np.float64(0.26769226866883106), 'width': np.float64(0.14610389610389618), 'height': np.float64(0.11201298701298701)}
2025-07-19 10:54:54,604 - INFO - 어노테이션 저장: annotations\1472.txt
2025-07-19 10:54:54,604 - INFO - 어노테이션 자동 저장 완료 - 다음 이미지로 이동
2025-07-19 10:54:56,242 - INFO - 바운딩 박스 추가: {'class': 0, 'x_center': np.float64(0.3212636972402597), 'y_center': np.float64(0.2717507102272726), 'width': np.float64(0.24188311688311692), 'height': np.float64(0.2272727272727273)}
2025-07-19 10:54:56,305 - INFO - 어노테이션 저장: annotations\1475.txt
2025-07-19 10:54:56,305 - INFO - 어노테이션 자동 저장 완료 - 다음 이미지로 이동
2025-07-19 10:54:58,173 - INFO - 바운딩 박스 추가: {'class': 0, 'x_center': np.float64(0.2855494115259741), 'y_center': np.float64(0.6191533076298701), 'width': np.float64(0.17694805194805197), 'height': np.float64(0.1558441558441559)}
2025-07-19 10:54:58,238 - INFO - 어노테이션 저장: annotations\1484.txt
2025-07-19 10:54:58,238 - INFO - 어노테이션 자동 저장 완료 - 다음 이미지로 이동
2025-07-19 10:55:00,298 - INFO - 바운딩 박스 추가: {'class': 0, 'x_center': np.float64(0.6694779829545455), 'y_center': np.float64(0.43002993100649345), 'width': np.float64(0.17207792207792205), 'height': np.float64(0.17694805194805197)}
2025-07-19 10:55:00,371 - INFO - 어노테이션 저장: annotations\1486.txt
2025-07-19 10:55:00,371 - INFO - 어노테이션 자동 저장 완료 - 다음 이미지로 이동
2025-07-19 10:55:02,508 - INFO - 바운딩 박스 추가: {'class': 0, 'x_center': np.float64(0.1288935673701299), 'y_center': np.float64(0.6272701907467532), 'width': np.float64(0.18831168831168832), 'height': np.float64(0.16883116883116878)}
2025-07-19 10:55:02,571 - INFO - 어노테이션 저장: annotations\1494.txt
2025-07-19 10:55:02,571 - INFO - 어노테이션 자동 저장 완료 - 다음 이미지로 이동
2025-07-19 10:55:04,727 - INFO - 바운딩 박스 추가: {'class': 0, 'x_center': np.float64(0.29366629464285715), 'y_center': np.float64(0.3756468141233765), 'width': np.float64(0.18344155844155852), 'height': np.float64(0.17207792207792205)}
2025-07-19 10:55:04,788 - INFO - 어노테이션 저장: annotations\1513.txt
2025-07-19 10:55:04,788 - INFO - 어노테이션 자동 저장 완료 - 다음 이미지로 이동
2025-07-19 10:55:06,719 - INFO - 바운딩 박스 추가: {'class': 0, 'x_center': np.float64(0.4803546063311689), 'y_center': np.float64(0.528244216720779), 'width': np.float64(0.1347402597402596), 'height': np.float64(0.14285714285714285)}
2025-07-19 10:55:06,788 - INFO - 어노테이션 저장: annotations\1521.txt
2025-07-19 10:55:06,788 - INFO - 어노테이션 자동 저장 완료 - 다음 이미지로 이동
2025-07-19 10:55:09,155 - INFO - 바운딩 박스 추가: {'class': 0, 'x_center': np.float64(0.10860135957792205), 'y_center': np.float64(0.0980494115259739), 'width': np.float64(0.14448051948051954), 'height': np.float64(0.1331168831168832)}
2025-07-19 10:55:09,221 - INFO - 어노테이션 저장: annotations\1523.txt
2025-07-19 10:55:09,221 - INFO - 어노테이션 자동 저장 완료 - 다음 이미지로 이동
2025-07-19 10:55:10,979 - INFO - 바운딩 박스 추가: {'class': 0, 'x_center': np.float64(0.4576273336038962), 'y_center': np.float64(0.3082766842532466), 'width': np.float64(0.18993506493506485), 'height': np.float64(0.1737012987012987)}
2025-07-19 10:55:11,055 - INFO - 어노테이션 저장: annotations\1545.txt
2025-07-19 10:55:11,055 - INFO - 어노테이션 자동 저장 완료 - 다음 이미지로 이동
2025-07-19 10:55:12,662 - INFO - 바운딩 박스 추가: {'class': 0, 'x_center': np.float64(0.18571174918831168), 'y_center': np.float64(0.6297052556818181), 'width': np.float64(0.18181818181818177), 'height': np.float64(0.16396103896103886)}
2025-07-19 10:55:12,738 - INFO - 어노테이션 저장: annotations\1553.txt
2025-07-19 10:55:12,738 - INFO - 어노테이션 자동 저장 완료 - 다음 이미지로 이동
2025-07-19 10:55:14,371 - INFO - 바운딩 박스 추가: {'class': 0, 'x_center': np.float64(0.42110135957792216), 'y_center': np.float64(0.4162312297077921), 'width': np.float64(0.17207792207792205), 'height': np.float64(0.18831168831168832)}
2025-07-19 10:55:14,438 - INFO - 어노테이션 저장: annotations\1560.txt
2025-07-19 10:55:14,438 - INFO - 어노테이션 자동 저장 완료 - 다음 이미지로 이동
2025-07-19 10:55:16,200 - INFO - 바운딩 박스 추가: {'class': 0, 'x_center': np.float64(0.38295200892857145), 'y_center': np.float64(0.4137961647727271), 'width': np.float64(0.18344155844155852), 'height': np.float64(0.19318181818181823)}
2025-07-19 10:55:16,271 - INFO - 어노테이션 저장: annotations\1580.txt
2025-07-19 10:55:16,271 - INFO - 어노테이션 자동 저장 완료 - 다음 이미지로 이동
2025-07-19 10:55:18,267 - INFO - 바운딩 박스 추가: {'class': 0, 'x_center': np.float64(0.399997463474026), 'y_center': np.float64(0.7262961647727272), 'width': np.float64(0.1688311688311689), 'height': np.float64(0.12662337662337664)}
2025-07-19 10:55:18,338 - INFO - 어노테이션 저장: annotations\1581.txt
2025-07-19 10:55:18,338 - INFO - 어노테이션 자동 저장 완료 - 다음 이미지로 이동
2025-07-19 10:55:20,633 - INFO - 바운딩 박스 추가: {'class': 0, 'x_center': np.float64(0.13214032061688313), 'y_center': np.float64(0.33343902191558433), 'width': np.float64(0.14935064935064934), 'height': np.float64(0.1428571428571429)}
2025-07-19 10:55:20,705 - INFO - 어노테이션 저장: annotations\1589.txt
2025-07-19 10:55:20,705 - INFO - 어노테이션 자동 저장 완료 - 다음 이미지로 이동
2025-07-19 10:55:22,384 - INFO - 바운딩 박스 추가: {'class': 0, 'x_center': np.float64(0.3861987621753247), 'y_center': np.float64(0.6077896712662336), 'width': np.float64(0.21590909090909094), 'height': np.float64(0.16558441558441572)}
2025-07-19 10:55:22,453 - INFO - 어노테이션 저장: annotations\1590.txt
2025-07-19 10:55:22,453 - INFO - 어노테이션 자동 저장 완료 - 다음 이미지로 이동
2025-07-19 10:55:26,245 - INFO - 바운딩 박스 추가: {'class': 0, 'x_center': np.float64(0.17191304788961037), 'y_center': np.float64(0.1605494115259739), 'width': np.float64(0.16396103896103897), 'height': np.float64(0.13798701298701288)}
2025-07-19 10:55:26,305 - INFO - 어노테이션 저장: annotations\1609.txt
2025-07-19 10:55:26,305 - INFO - 어노테이션 자동 저장 완료 - 다음 이미지로 이동
2025-07-19 10:55:28,066 - INFO - 바운딩 박스 추가: {'class': 0, 'x_center': np.float64(0.5907442167207793), 'y_center': np.float64(0.5582766842532467), 'width': np.float64(0.16720779220779214), 'height': np.float64(0.16396103896103892)}
2025-07-19 10:55:28,138 - INFO - 어노테이션 저장: annotations\1611.txt
2025-07-19 10:55:28,138 - INFO - 어노테이션 자동 저장 완료 - 다음 이미지로 이동
2025-07-19 10:55:29,697 - INFO - 바운딩 박스 추가: {'class': 0, 'x_center': np.float64(0.17191304788961043), 'y_center': np.float64(0.2522701907467531), 'width': np.float64(0.15097402597402598), 'height': np.float64(0.15909090909090906)}
2025-07-19 10:55:29,771 - INFO - 어노테이션 저장: annotations\1616.txt
2025-07-19 10:55:29,771 - INFO - 어노테이션 자동 저장 완료 - 다음 이미지로 이동
2025-07-19 10:55:31,437 - INFO - 바운딩 박스 추가: {'class': 0, 'x_center': np.float64(0.23928317775974028), 'y_center': np.float64(0.29041954139610376), 'width': np.float64(0.1655844155844156), 'height': np.float64(0.15422077922077915)}
2025-07-19 10:55:31,505 - INFO - 어노테이션 저장: annotations\1633.txt
2025-07-19 10:55:31,505 - INFO - 어노테이션 자동 저장 완료 - 다음 이미지로 이동
2025-07-19 10:55:33,122 - INFO - 바운딩 박스 추가: {'class': 0, 'x_center': np.float64(0.26444551542207795), 'y_center': np.float64(0.14025720373376616), 'width': np.float64(0.1964285714285715), 'height': np.float64(0.19155844155844148)}
2025-07-19 10:55:33,198 - INFO - 어노테이션 저장: annotations\1635.txt
2025-07-19 10:55:33,199 - INFO - 어노테이션 자동 저장 완료 - 다음 이미지로 이동
2025-07-19 10:55:34,834 - INFO - 바운딩 박스 추가: {'class': 0, 'x_center': np.float64(0.3115234375), 'y_center': np.float64(0.20762733360389596), 'width': np.float64(0.24837662337662347), 'height': np.float64(0.15746753246753253)}
2025-07-19 10:55:34,903 - INFO - 어노테이션 저장: annotations\1636.txt
2025-07-19 10:55:34,904 - INFO - 어노테이션 자동 저장 완료 - 다음 이미지로 이동
2025-07-19 10:55:36,785 - INFO - 바운딩 박스 추가: {'class': 0, 'x_center': np.float64(0.21412084009740262), 'y_center': np.float64(0.4495104504870129), 'width': np.float64(0.21915584415584421), 'height': np.float64(0.18344155844155852)}
2025-07-19 10:55:36,855 - INFO - 어노테이션 저장: annotations\1645.txt
2025-07-19 10:55:36,856 - INFO - 어노테이션 자동 저장 완료 - 다음 이미지로 이동
2025-07-19 10:55:38,436 - INFO - 바운딩 박스 추가: {'class': 0, 'x_center': np.float64(0.2685039569805195), 'y_center': np.float64(0.47061434659090895), 'width': np.float64(0.1785714285714286), 'height': np.float64(0.22889610389610393)}
2025-07-19 10:55:38,521 - INFO - 어노테이션 저장: annotations\1653.txt
2025-07-19 10:55:38,521 - INFO - 어노테이션 자동 저장 완료 - 다음 이미지로 이동
2025-07-19 10:55:40,119 - INFO - 바운딩 박스 추가: {'class': 0, 'x_center': np.float64(0.0883091517857143), 'y_center': np.float64(0.39512733360389596), 'width': np.float64(0.13636363636363635), 'height': np.float64(0.17532467532467533)}
2025-07-19 10:55:40,189 - INFO - 어노테이션 저장: annotations\1678.txt
2025-07-19 10:55:40,189 - INFO - 어노테이션 자동 저장 완료 - 다음 이미지로 이동
2025-07-19 10:55:42,007 - INFO - 바운딩 박스 추가: {'class': 0, 'x_center': np.float64(0.6224000608766235), 'y_center': np.float64(0.37240006087662325), 'width': np.float64(0.1785714285714286), 'height': np.float64(0.18506493506493515)}
2025-07-19 10:55:42,073 - INFO - 어노테이션 저장: annotations\1692.txt
2025-07-19 10:55:42,073 - INFO - 어노테이션 자동 저장 완료 - 다음 이미지로 이동
2025-07-19 10:55:43,703 - INFO - 바운딩 박스 추가: {'class': 0, 'x_center': np.float64(0.287984476461039), 'y_center': np.float64(0.5672052556818181), 'width': np.float64(0.18506493506493504), 'height': np.float64(0.17857142857142844)}
2025-07-19 10:55:43,771 - INFO - 어노테이션 저장: annotations\1699.txt
2025-07-19 10:55:43,771 - INFO - 어노테이션 자동 저장 완료 - 다음 이미지로 이동
2025-07-19 10:55:45,667 - INFO - 바운딩 박스 추가: {'class': 0, 'x_center': np.float64(0.2563286323051948), 'y_center': np.float64(0.13051694399350633), 'width': np.float64(0.19967532467532467), 'height': np.float64(0.15259740259740262)}
2025-07-19 10:55:45,748 - INFO - 어노테이션 저장: annotations\1702.txt
2025-07-19 10:55:45,748 - INFO - 어노테이션 자동 저장 완료 - 다음 이미지로 이동
2025-07-19 10:55:47,196 - INFO - 바운딩 박스 추가: {'class': 0, 'x_center': np.float64(0.5111987621753248), 'y_center': np.float64(0.34967278814935054), 'width': np.float64(0.19967532467532467), 'height': np.float64(0.16883116883116878)}
2025-07-19 10:55:47,262 - INFO - 어노테이션 저장: annotations\1708.txt
2025-07-19 10:55:47,262 - INFO - 어노테이션 자동 저장 완료 - 다음 이미지로 이동
2025-07-19 10:55:49,150 - INFO - 바운딩 박스 추가: {'class': 0, 'x_center': np.float64(0.08019226866883117), 'y_center': np.float64(0.34642603490259727), 'width': np.float64(0.1298701298701299), 'height': np.float64(0.19480519480519476)}
2025-07-19 10:55:49,219 - INFO - 어노테이션 저장: annotations\1714.txt
2025-07-19 10:55:49,219 - INFO - 어노테이션 자동 저장 완료 - 다음 이미지로 이동
2025-07-19 10:55:50,959 - INFO - 바운딩 박스 추가: {'class': 0, 'x_center': np.float64(0.16866629464285715), 'y_center': np.float64(0.6159065543831168), 'width': np.float64(0.16720779220779214), 'height': np.float64(0.15909090909090917)}
2025-07-19 10:55:51,042 - INFO - 어노테이션 저장: annotations\1733.txt
2025-07-19 10:55:51,042 - INFO - 어노테이션 자동 저장 완료 - 다음 이미지로 이동
2025-07-19 10:55:52,791 - INFO - 바운딩 박스 추가: {'class': 0, 'x_center': np.float64(0.6345753855519481), 'y_center': np.float64(0.08587408685064918), 'width': np.float64(0.18668831168831157), 'height': np.float64(0.1282467532467534)}
2025-07-19 10:55:52,859 - INFO - 어노테이션 저장: annotations\1750.txt
2025-07-19 10:55:52,860 - INFO - 어노테이션 자동 저장 완료 - 다음 이미지로 이동
2025-07-19 10:55:54,453 - INFO - 바운딩 박스 추가: {'class': 0, 'x_center': np.float64(0.2530818790584416), 'y_center': np.float64(0.6499974634740259), 'width': np.float64(0.15746753246753242), 'height': np.float64(0.13636363636363646)}
2025-07-19 10:55:54,524 - INFO - 어노테이션 저장: annotations\1758.txt
2025-07-19 10:55:54,525 - INFO - 어노테이션 자동 저장 완료 - 다음 이미지로 이동
2025-07-19 10:55:55,916 - INFO - 바운딩 박스 추가: {'class': 0, 'x_center': np.float64(0.2660688920454546), 'y_center': np.float64(0.29691304788961026), 'width': np.float64(0.18993506493506496), 'height': np.float64(0.1737012987012987)}
2025-07-19 10:55:55,989 - INFO - 어노테이션 저장: annotations\1770.txt
2025-07-19 10:55:55,989 - INFO - 어노테이션 자동 저장 완료 - 다음 이미지로 이동
2025-07-19 10:55:58,087 - INFO - 바운딩 박스 추가: {'class': 0, 'x_center': np.float64(0.5517831777597403), 'y_center': np.float64(0.12564681412337647), 'width': np.float64(0.2581168831168832), 'height': np.float64(0.18506493506493504)}
2025-07-19 10:55:58,155 - INFO - 어노테이션 저장: annotations\1783.txt
2025-07-19 10:55:58,155 - INFO - 어노테이션 자동 저장 완료 - 다음 이미지로 이동
2025-07-19 10:55:59,519 - INFO - 바운딩 박스 추가: {'class': 0, 'x_center': np.float64(0.4324649959415585), 'y_center': np.float64(0.34317928165584405), 'width': np.float64(0.1558441558441559), 'height': np.float64(0.1655844155844156)}
2025-07-19 10:55:59,587 - INFO - 어노테이션 저장: annotations\1787.txt
2025-07-19 10:55:59,587 - INFO - 어노테이션 자동 저장 완료 - 다음 이미지로 이동
2025-07-19 10:56:01,702 - INFO - 바운딩 박스 추가: {'class': 0, 'x_center': np.float64(0.13863382711038963), 'y_center': np.float64(0.4957766842532466), 'width': np.float64(0.19480519480519487), 'height': np.float64(0.12662337662337664)}
2025-07-19 10:56:01,767 - INFO - 어노테이션 저장: annotations\1793.txt
2025-07-19 10:56:01,767 - INFO - 어노테이션 자동 저장 완료 - 다음 이미지로 이동
2025-07-19 10:56:03,822 - INFO - 바운딩 박스 추가: {'class': 0, 'x_center': np.float64(0.22386109983766234), 'y_center': np.float64(0.43571174918831157), 'width': np.float64(0.18668831168831168), 'height': np.float64(0.1558441558441559)}
2025-07-19 10:56:03,888 - INFO - 어노테이션 저장: annotations\1797.txt
2025-07-19 10:56:03,888 - INFO - 어노테이션 자동 저장 완료 - 다음 이미지로 이동
2025-07-19 10:56:05,425 - INFO - 바운딩 박스 추가: {'class': 0, 'x_center': np.float64(0.6475623985389611), 'y_center': np.float64(0.3212636972402596), 'width': np.float64(0.18019480519480524), 'height': np.float64(0.15097402597402598)}
2025-07-19 10:56:05,501 - INFO - 어노테이션 저장: annotations\1803.txt
2025-07-19 10:56:05,501 - INFO - 어노테이션 자동 저장 완료 - 다음 이미지로 이동
2025-07-19 10:56:07,699 - INFO - 바운딩 박스 추가: {'class': 0, 'x_center': np.float64(0.6061662946428572), 'y_center': np.float64(0.6613610998376622), 'width': np.float64(0.11038961038961048), 'height': np.float64(0.11363636363636376)}
2025-07-19 10:56:07,771 - INFO - 어노테이션 저장: annotations\1806.txt
2025-07-19 10:56:07,771 - INFO - 어노테이션 자동 저장 완료 - 다음 이미지로 이동
2025-07-19 10:56:09,667 - INFO - 바운딩 박스 추가: {'class': 0, 'x_center': np.float64(0.41704291801948057), 'y_center': np.float64(0.6256468141233765), 'width': np.float64(0.17694805194805197), 'height': np.float64(0.18506493506493515)}
2025-07-19 10:56:09,737 - INFO - 어노테이션 저장: annotations\1811.txt
2025-07-19 10:56:09,737 - INFO - 어노테이션 자동 저장 완료 - 다음 이미지로 이동
2025-07-19 10:56:11,243 - INFO - 바운딩 박스 추가: {'class': 0, 'x_center': np.float64(0.1288935673701299), 'y_center': np.float64(0.5574649959415583), 'width': np.float64(0.16233766233766234), 'height': np.float64(0.16558441558441567)}
2025-07-19 10:56:11,319 - INFO - 어노테이션 저장: annotations\1812.txt
2025-07-19 10:56:11,320 - INFO - 어노테이션 자동 저장 완료 - 다음 이미지로 이동
2025-07-19 10:56:12,826 - INFO - 바운딩 박스 추가: {'class': 0, 'x_center': np.float64(0.34317928165584416), 'y_center': np.float64(0.2887961647727271), 'width': np.float64(0.17532467532467533), 'height': np.float64(0.15746753246753242)}
2025-07-19 10:56:12,905 - INFO - 어노테이션 저장: annotations\1822.txt
2025-07-19 10:56:12,905 - INFO - 어노테이션 자동 저장 완료 - 다음 이미지로 이동
2025-07-19 10:56:14,377 - INFO - 바운딩 박스 추가: {'class': 0, 'x_center': np.float64(0.46493252840909105), 'y_center': np.float64(0.3935039569805193), 'width': np.float64(0.15909090909090917), 'height': np.float64(0.15259740259740262)}
2025-07-19 10:56:14,448 - INFO - 어노테이션 저장: annotations\1831.txt
2025-07-19 10:56:14,449 - INFO - 어노테이션 자동 저장 완료 - 다음 이미지로 이동
2025-07-19 10:56:16,241 - INFO - 바운딩 박스 추가: {'class': 0, 'x_center': np.float64(0.615906554383117), 'y_center': np.float64(0.6159065543831168), 'width': np.float64(0.14935064935064934), 'height': np.float64(0.13961038961038952)}
2025-07-19 10:56:16,315 - INFO - 어노테이션 저장: annotations\1835.txt
2025-07-19 10:56:16,315 - INFO - 어노테이션 자동 저장 완료 - 다음 이미지로 이동
2025-07-19 10:56:18,186 - INFO - 바운딩 박스 추가: {'class': 0, 'x_center': np.float64(0.18571174918831168), 'y_center': np.float64(0.5201273336038961), 'width': np.float64(0.21103896103896103), 'height': np.float64(0.16558441558441567)}
2025-07-19 10:56:18,254 - INFO - 어노테이션 저장: annotations\1876.txt
2025-07-19 10:56:18,254 - INFO - 어노테이션 자동 저장 완료 - 다음 이미지로 이동
2025-07-19 10:56:20,556 - INFO - 바운딩 박스 추가: {'class': 0, 'x_center': np.float64(0.07288707386363635), 'y_center': np.float64(0.6889585024350648), 'width': np.float64(0.14123376623376627), 'height': np.float64(0.1298701298701299)}
2025-07-19 10:56:20,634 - INFO - 어노테이션 저장: annotations\1881.txt
2025-07-19 10:56:20,634 - INFO - 어노테이션 자동 저장 완료 - 다음 이미지로 이동
2025-07-19 10:56:22,563 - INFO - 바운딩 박스 추가: {'class': 0, 'x_center': np.float64(0.10373122970779225), 'y_center': np.float64(0.5761338271103895), 'width': np.float64(0.16396103896103897), 'height': np.float64(0.1964285714285714)}
2025-07-19 10:56:22,629 - INFO - 어노테이션 저장: annotations\1888.txt
2025-07-19 10:56:22,630 - INFO - 어노테이션 자동 저장 완료 - 다음 이미지로 이동
2025-07-19 10:56:24,169 - INFO - 바운딩 박스 추가: {'class': 0, 'x_center': np.float64(0.3642831777597403), 'y_center': np.float64(0.16785460633116867), 'width': np.float64(0.14610389610389618), 'height': np.float64(0.12662337662337664)}
2025-07-19 10:56:24,249 - INFO - 어노테이션 저장: annotations\1894.txt
2025-07-19 10:56:24,249 - INFO - 어노테이션 자동 저장 완료 - 다음 이미지로 이동
2025-07-19 10:56:25,745 - INFO - 바운딩 박스 추가: {'class': 0, 'x_center': np.float64(0.13132863230519481), 'y_center': np.float64(0.22629616477272713), 'width': np.float64(0.19318181818181812), 'height': np.float64(0.19805194805194815)}
2025-07-19 10:56:25,812 - INFO - 어노테이션 저장: annotations\1923.txt
2025-07-19 10:56:25,813 - INFO - 어노테이션 자동 저장 완료 - 다음 이미지로 이동
2025-07-19 10:56:28,044 - INFO - 바운딩 박스 추가: {'class': 0, 'x_center': np.float64(0.20113382711038957), 'y_center': np.float64(0.12321174918831157), 'width': np.float64(0.20292207792207795), 'height': np.float64(0.21590909090909083)}
2025-07-19 10:56:28,121 - INFO - 어노테이션 저장: annotations\1941.txt
2025-07-19 10:56:28,121 - INFO - 어노테이션 자동 저장 완료 - 다음 이미지로 이동
2025-07-19 10:56:29,766 - INFO - 바운딩 박스 추가: {'class': 0, 'x_center': np.float64(0.44788707386363646), 'y_center': np.float64(0.25470525568181807), 'width': np.float64(0.18344155844155852), 'height': np.float64(0.22889610389610382)}
2025-07-19 10:56:29,848 - INFO - 어노테이션 저장: annotations\1944.txt
2025-07-19 10:56:29,848 - INFO - 어노테이션 자동 저장 완료 - 다음 이미지로 이동
2025-07-19 10:56:31,671 - INFO - 바운딩 박스 추가: {'class': 0, 'x_center': np.float64(0.20113382711038963), 'y_center': np.float64(0.5850623985389609), 'width': np.float64(0.2094155844155844), 'height': np.float64(0.1428571428571428)}
2025-07-19 10:56:31,748 - INFO - 어노테이션 저장: annotations\1948.txt
2025-07-19 10:56:31,748 - INFO - 어노테이션 자동 저장 완료 - 다음 이미지로 이동
2025-07-19 10:56:33,682 - INFO - 바운딩 박스 추가: {'class': 0, 'x_center': np.float64(0.1394455154220779), 'y_center': np.float64(0.6938286323051948), 'width': np.float64(0.15097402597402598), 'height': np.float64(0.1298701298701297)}
2025-07-19 10:56:33,752 - INFO - 어노테이션 저장: annotations\1950.txt
2025-07-19 10:56:33,752 - INFO - 어노테이션 자동 저장 완료 - 다음 이미지로 이동
2025-07-19 10:56:35,166 - INFO - 바운딩 박스 추가: {'class': 0, 'x_center': np.float64(0.15243252840909094), 'y_center': np.float64(0.34399096996753237), 'width': np.float64(0.14448051948051954), 'height': np.float64(0.15746753246753242)}
2025-07-19 10:56:35,239 - INFO - 어노테이션 저장: annotations\1961.txt
2025-07-19 10:56:35,239 - INFO - 어노테이션 자동 저장 완료 - 다음 이미지로 이동
2025-07-19 10:56:36,898 - INFO - 바운딩 박스 추가: {'class': 0, 'x_center': np.float64(0.1402572037337662), 'y_center': np.float64(0.6532442167207791), 'width': np.float64(0.1785714285714286), 'height': np.float64(0.18506493506493515)}
2025-07-19 10:56:36,972 - INFO - 어노테이션 저장: annotations\1967.txt
2025-07-19 10:56:36,972 - INFO - 어노테이션 자동 저장 완료 - 다음 이미지로 이동
2025-07-19 10:56:39,219 - INFO - 바운딩 박스 추가: {'class': 0, 'x_center': np.float64(0.2555169439935065), 'y_center': np.float64(0.11509486607142844), 'width': np.float64(0.16883116883116878), 'height': np.float64(0.16720779220779225)}
2025-07-19 10:56:39,287 - INFO - 어노테이션 저장: annotations\1968.txt
2025-07-19 10:56:39,288 - INFO - 어노테이션 자동 저장 완료 - 다음 이미지로 이동
2025-07-19 10:56:40,918 - INFO - 바운딩 박스 추가: {'class': 0, 'x_center': np.float64(0.11509486607142855), 'y_center': np.float64(0.3245104504870129), 'width': np.float64(0.20292207792207795), 'height': np.float64(0.13474025974025983)}
2025-07-19 10:56:40,998 - INFO - 어노테이션 저장: annotations\1977.txt
2025-07-19 10:56:40,998 - INFO - 어노테이션 자동 저장 완료 - 다음 이미지로 이동
2025-07-19 10:56:42,479 - INFO - 바운딩 박스 추가: {'class': 0, 'x_center': np.float64(0.25957538555194803), 'y_center': np.float64(0.7084390219155843), 'width': np.float64(0.16720779220779225), 'height': np.float64(0.15909090909090917)}
2025-07-19 10:56:42,554 - INFO - 어노테이션 저장: annotations\1990.txt
2025-07-19 10:56:42,554 - INFO - 어노테이션 자동 저장 완료 - 다음 이미지로 이동
2025-07-19 10:56:44,310 - INFO - 바운딩 박스 추가: {'class': 0, 'x_center': np.float64(0.5558416193181819), 'y_center': np.float64(0.4162312297077921), 'width': np.float64(0.2012987012987013), 'height': np.float64(0.262987012987013)}
2025-07-19 10:56:44,379 - INFO - 어노테이션 저장: annotations\1992.txt
2025-07-19 10:56:44,379 - INFO - 어노테이션 자동 저장 완료 - 다음 이미지로 이동
2025-07-19 10:56:45,922 - INFO - 바운딩 박스 추가: {'class': 0, 'x_center': np.float64(0.5323026582792209), 'y_center': np.float64(0.5874974634740259), 'width': np.float64(0.21915584415584433), 'height': np.float64(0.22889610389610393)}
2025-07-19 10:56:46,000 - INFO - 어노테이션 저장: annotations\2000.txt
2025-07-19 10:56:46,000 - INFO - 어노테이션 자동 저장 완료 - 다음 이미지로 이동
2025-07-19 10:56:47,415 - INFO - 바운딩 박스 추가: {'class': 0, 'x_center': np.float64(0.4105494115259741), 'y_center': np.float64(0.3350623985389609), 'width': np.float64(0.15097402597402598), 'height': np.float64(0.21753246753246747)}
2025-07-19 10:56:47,491 - INFO - 어노테이션 저장: annotations\2010.txt
2025-07-19 10:56:47,492 - INFO - 어노테이션 자동 저장 완료 - 다음 이미지로 이동
2025-07-19 10:56:49,148 - INFO - 바운딩 박스 추가: {'class': 0, 'x_center': np.float64(0.15162084009740256), 'y_center': np.float64(0.10616629464285698), 'width': np.float64(0.1785714285714286), 'height': np.float64(0.19805194805194803)}
2025-07-19 10:56:49,222 - INFO - 어노테이션 저장: annotations\2013.txt
2025-07-19 10:56:49,222 - INFO - 어노테이션 자동 저장 완료 - 다음 이미지로 이동
2025-07-19 10:56:50,804 - INFO - 바운딩 박스 추가: {'class': 0, 'x_center': np.float64(0.22142603490259744), 'y_center': np.float64(0.1808416193181817), 'width': np.float64(0.20454545454545459), 'height': np.float64(0.18506493506493504)}
2025-07-19 10:56:50,855 - INFO - 어노테이션 저장: annotations\2022.txt
2025-07-19 10:56:50,855 - INFO - 어노테이션 자동 저장 완료 - 다음 이미지로 이동
2025-07-19 10:56:52,267 - INFO - 바운딩 박스 추가: {'class': 0, 'x_center': np.float64(0.19788707386363635), 'y_center': np.float64(0.19220525568181812), 'width': np.float64(0.1834415584415584), 'height': np.float64(0.19805194805194803)}
2025-07-19 10:56:52,347 - INFO - 어노테이션 저장: annotations\2025.txt
2025-07-19 10:56:52,347 - INFO - 어노테이션 자동 저장 완료 - 다음 이미지로 이동
2025-07-19 10:56:53,828 - INFO - 바운딩 박스 추가: {'class': 0, 'x_center': np.float64(0.17921824269480524), 'y_center': np.float64(0.13863382711038952), 'width': np.float64(0.1915584415584416), 'height': np.float64(0.24675324675324672)}
2025-07-19 10:56:53,904 - INFO - 어노테이션 저장: annotations\2034.txt
2025-07-19 10:56:53,904 - INFO - 어노테이션 자동 저장 완료 - 다음 이미지로 이동
2025-07-19 10:56:55,830 - INFO - 바운딩 박스 추가: {'class': 0, 'x_center': np.float64(0.10048447646103897), 'y_center': np.float64(0.5323026582792207), 'width': np.float64(0.14123376623376627), 'height': np.float64(0.1314935064935065)}
2025-07-19 10:56:55,898 - INFO - 어노테이션 저장: annotations\2037.txt
2025-07-19 10:56:55,898 - INFO - 어노테이션 자동 저장 완료 - 다음 이미지로 이동
2025-07-19 10:56:57,690 - INFO - 바운딩 박스 추가: {'class': 0, 'x_center': np.float64(0.0996727881493506), 'y_center': np.float64(0.5623351258116882), 'width': np.float64(0.17532467532467533), 'height': np.float64(0.21428571428571436)}
2025-07-19 10:56:57,758 - INFO - 어노테이션 저장: annotations\2039.txt
2025-07-19 10:56:57,758 - INFO - 어노테이션 자동 저장 완료 - 다음 이미지로 이동
2025-07-19 10:56:59,730 - INFO - 바운딩 박스 추가: {'class': 0, 'x_center': np.float64(0.10129616477272724), 'y_center': np.float64(0.11509486607142844), 'width': np.float64(0.17532467532467533), 'height': np.float64(0.16720779220779225)}
2025-07-19 10:56:59,799 - INFO - 어노테이션 저장: annotations\2043.txt
2025-07-19 10:56:59,799 - INFO - 어노테이션 자동 저장 완료 - 다음 이미지로 이동
2025-07-19 10:57:01,331 - INFO - 바운딩 박스 추가: {'class': 0, 'x_center': np.float64(0.43408837256493504), 'y_center': np.float64(0.3342507102272726), 'width': np.float64(0.17532467532467533), 'height': np.float64(0.14448051948051943)}
2025-07-19 10:57:01,403 - INFO - 어노테이션 저장: annotations\2047.txt
2025-07-19 10:57:01,404 - INFO - 어노테이션 자동 저장 완료 - 다음 이미지로 이동
2025-07-19 10:57:03,046 - INFO - 바운딩 박스 추가: {'class': 0, 'x_center': np.float64(0.21087408685064934), 'y_center': np.float64(0.4779195413961038), 'width': np.float64(0.15422077922077915), 'height': np.float64(0.14610389610389607)}
2025-07-19 10:57:03,113 - INFO - 어노테이션 저장: annotations\2052.txt
2025-07-19 10:57:03,113 - INFO - 어노테이션 자동 저장 완료 - 다음 이미지로 이동
2025-07-19 10:57:07,610 - INFO - 바운딩 박스 추가: {'class': 0, 'x_center': np.float64(0.23684811282467533), 'y_center': np.float64(0.5055169439935063), 'width': np.float64(0.21266233766233766), 'height': np.float64(0.21103896103896108)}
2025-07-19 10:57:07,688 - INFO - 어노테이션 저장: annotations\2053.txt
2025-07-19 10:57:07,688 - INFO - 어노테이션 자동 저장 완료 - 다음 이미지로 이동
2025-07-19 10:57:09,194 - INFO - 바운딩 박스 추가: {'class': 0, 'x_center': np.float64(0.29447798295454547), 'y_center': np.float64(0.6816533076298701), 'width': np.float64(0.19480519480519476), 'height': np.float64(0.14448051948051965)}
2025-07-19 10:57:09,265 - INFO - 어노테이션 저장: annotations\2054.txt
2025-07-19 10:57:09,265 - INFO - 어노테이션 자동 저장 완료 - 다음 이미지로 이동
2025-07-19 10:57:10,682 - INFO - 바운딩 박스 추가: {'class': 0, 'x_center': np.float64(0.5850623985389611), 'y_center': np.float64(0.28311434659090895), 'width': np.float64(0.14935064935064934), 'height': np.float64(0.16883116883116878)}
2025-07-19 10:57:10,759 - INFO - 어노테이션 저장: annotations\2077.txt
2025-07-19 10:57:10,759 - INFO - 어노테이션 자동 저장 완료 - 다음 이미지로 이동
2025-07-19 10:57:12,072 - INFO - 바운딩 박스 추가: {'class': 0, 'x_center': np.float64(0.4235364245129871), 'y_center': np.float64(0.24821174918831157), 'width': np.float64(0.1866883116883118), 'height': np.float64(0.13149350649350655)}
2025-07-19 10:57:12,147 - INFO - 어노테이션 저장: annotations\2080.txt
2025-07-19 10:57:12,148 - INFO - 어노테이션 자동 저장 완료 - 다음 이미지로 이동
2025-07-19 10:57:13,862 - INFO - 바운딩 박스 추가: {'class': 0, 'x_center': np.float64(0.17759486607142855), 'y_center': np.float64(0.49821174918831157), 'width': np.float64(0.22077922077922074), 'height': np.float64(0.1477272727272727)}
2025-07-19 10:57:13,937 - INFO - 어노테이션 저장: annotations\2099.txt
2025-07-19 10:57:13,938 - INFO - 어노테이션 자동 저장 완료 - 다음 이미지로 이동
2025-07-19 10:57:15,410 - INFO - 바운딩 박스 추가: {'class': 0, 'x_center': np.float64(0.17191304788961043), 'y_center': np.float64(0.6743481128246752), 'width': np.float64(0.17694805194805197), 'height': np.float64(0.18506493506493515)}
2025-07-19 10:57:15,486 - INFO - 어노테이션 저장: annotations\2102.txt
2025-07-19 10:57:15,487 - INFO - 어노테이션 자동 저장 완료 - 다음 이미지로 이동
2025-07-19 10:57:17,039 - INFO - 바운딩 박스 추가: {'class': 0, 'x_center': np.float64(0.4641208400974026), 'y_center': np.float64(0.08993252840909077), 'width': np.float64(0.2191558441558441), 'height': np.float64(0.15909090909090906)}
2025-07-19 10:57:17,122 - INFO - 어노테이션 저장: annotations\2103.txt
2025-07-19 10:57:17,122 - INFO - 어노테이션 자동 저장 완료 - 다음 이미지로 이동
2025-07-19 10:57:18,719 - INFO - 바운딩 박스 추가: {'class': 0, 'x_center': np.float64(0.1305169439935065), 'y_center': np.float64(0.33912084009740245), 'width': np.float64(0.18181818181818188), 'height': np.float64(0.1834415584415584)}
2025-07-19 10:57:18,784 - INFO - 어노테이션 저장: annotations\2119.txt
2025-07-19 10:57:18,785 - INFO - 어노테이션 자동 저장 완료 - 다음 이미지로 이동
2025-07-19 10:57:20,229 - INFO - 바운딩 박스 추가: {'class': 0, 'x_center': np.float64(0.2652572037337662), 'y_center': np.float64(0.23847148944805185), 'width': np.float64(0.2012987012987013), 'height': np.float64(0.1737012987012987)}
2025-07-19 10:57:20,304 - INFO - 어노테이션 저장: annotations\2124.txt
2025-07-19 10:57:20,304 - INFO - 어노테이션 자동 저장 완료 - 다음 이미지로 이동
2025-07-19 10:57:22,059 - INFO - 바운딩 박스 추가: {'class': 0, 'x_center': np.float64(0.13295200892857145), 'y_center': np.float64(0.5704520089285714), 'width': np.float64(0.18344155844155852), 'height': np.float64(0.16558441558441567)}
2025-07-19 10:57:22,128 - INFO - 어노테이션 저장: annotations\2130.txt
2025-07-19 10:57:22,128 - INFO - 어노테이션 자동 저장 완료 - 다음 이미지로 이동
2025-07-19 10:57:24,017 - INFO - 바운딩 박스 추가: {'class': 0, 'x_center': np.float64(0.44220525568181823), 'y_center': np.float64(0.6840883725649349), 'width': np.float64(0.1785714285714286), 'height': np.float64(0.1558441558441559)}
2025-07-19 10:57:24,089 - INFO - 어노테이션 저장: annotations\2134.txt
2025-07-19 10:57:24,089 - INFO - 어노테이션 자동 저장 완료 - 다음 이미지로 이동
2025-07-19 10:57:25,764 - INFO - 바운딩 박스 추가: {'class': 0, 'x_center': np.float64(0.23765980113636365), 'y_center': np.float64(0.19464032061688297), 'width': np.float64(0.17532467532467544), 'height': np.float64(0.13149350649350655)}
2025-07-19 10:57:25,836 - INFO - 어노테이션 저장: annotations\2161.txt
2025-07-19 10:57:25,836 - INFO - 어노테이션 자동 저장 완료 - 다음 이미지로 이동
2025-07-19 10:57:27,295 - INFO - 바운딩 박스 추가: {'class': 0, 'x_center': np.float64(0.1816533076298701), 'y_center': np.float64(0.6029195413961038), 'width': np.float64(0.16396103896103897), 'height': np.float64(0.17532467532467533)}
2025-07-19 10:57:27,367 - INFO - 어노테이션 저장: annotations\2163.txt
2025-07-19 10:57:27,368 - INFO - 어노테이션 자동 저장 완료 - 다음 이미지로 이동
2025-07-19 10:57:28,955 - INFO - 바운딩 박스 추가: {'class': 0, 'x_center': np.float64(0.19464032061688308), 'y_center': np.float64(0.5444779829545454), 'width': np.float64(0.18993506493506496), 'height': np.float64(0.1980519480519481)}
2025-07-19 10:57:29,022 - INFO - 어노테이션 저장: annotations\2169.txt
2025-07-19 10:57:29,022 - INFO - 어노테이션 자동 저장 완료 - 다음 이미지로 이동
2025-07-19 10:57:30,465 - INFO - 바운딩 박스 추가: {'class': 0, 'x_center': np.float64(0.24577668425324672), 'y_center': np.float64(0.3967507102272726), 'width': np.float64(0.18831168831168832), 'height': np.float64(0.14935064935064934)}
2025-07-19 10:57:30,541 - INFO - 어노테이션 저장: annotations\2196.txt
2025-07-19 10:57:30,541 - INFO - 어노테이션 자동 저장 완료 - 다음 이미지로 이동
2025-07-19 10:57:32,214 - INFO - 바운딩 박스 추가: {'class': 0, 'x_center': np.float64(0.37564681412337664), 'y_center': np.float64(0.2563286323051947), 'width': np.float64(0.1915584415584416), 'height': np.float64(0.16720779220779225)}
2025-07-19 10:57:32,283 - INFO - 어노테이션 저장: annotations\2200.txt
2025-07-19 10:57:32,284 - INFO - 어노테이션 자동 저장 완료 - 다음 이미지로 이동
2025-07-19 10:57:33,995 - INFO - 바운딩 박스 추가: {'class': 0, 'x_center': np.float64(0.1280818790584416), 'y_center': np.float64(0.39188058035714274), 'width': np.float64(0.16720779220779225), 'height': np.float64(0.1655844155844156)}
2025-07-19 10:57:34,063 - INFO - 어노테이션 저장: annotations\2223.txt
2025-07-19 10:57:34,063 - INFO - 어노테이션 자동 저장 완료 - 다음 이미지로 이동
2025-07-19 10:57:35,482 - INFO - 바운딩 박스 추가: {'class': 0, 'x_center': np.float64(0.24577668425324678), 'y_center': np.float64(0.5550299310064934), 'width': np.float64(0.19805194805194803), 'height': np.float64(0.1672077922077922)}
2025-07-19 10:57:35,547 - INFO - 어노테이션 저장: annotations\2228.txt
2025-07-19 10:57:35,547 - INFO - 어노테이션 자동 저장 완료 - 다음 이미지로 이동
2025-07-19 10:57:36,980 - INFO - 바운딩 박스 추가: {'class': 0, 'x_center': np.float64(0.3415559050324675), 'y_center': np.float64(0.43246499594155835), 'width': np.float64(0.275974025974026), 'height': np.float64(0.15909090909090906)}
2025-07-19 10:57:37,059 - INFO - 어노테이션 저장: annotations\2239.txt
2025-07-19 10:57:37,059 - INFO - 어노테이션 자동 저장 완료 - 다음 이미지로 이동
2025-07-19 10:57:38,592 - INFO - 바운딩 박스 추가: {'class': 0, 'x_center': np.float64(0.07938058035714285), 'y_center': np.float64(0.14188058035714274), 'width': np.float64(0.13474025974025983), 'height': np.float64(0.1688311688311689)}
2025-07-19 10:57:38,660 - INFO - 어노테이션 저장: annotations\2240.txt
2025-07-19 10:57:38,661 - INFO - 어노테이션 자동 저장 완료 - 다음 이미지로 이동
2025-07-19 10:57:40,066 - INFO - 바운딩 박스 추가: {'class': 0, 'x_center': np.float64(0.14999746347402598), 'y_center': np.float64(0.19058187905844143), 'width': np.float64(0.18831168831168832), 'height': np.float64(0.15909090909090906)}
2025-07-19 10:57:40,139 - INFO - 어노테이션 저장: annotations\2248.txt
2025-07-19 10:57:40,139 - INFO - 어노테이션 자동 저장 완료 - 다음 이미지로 이동
2025-07-19 10:57:41,829 - INFO - 바운딩 박스 추가: {'class': 0, 'x_center': np.float64(0.32938058035714285), 'y_center': np.float64(0.46087408685064923), 'width': np.float64(0.17045454545454541), 'height': np.float64(0.14448051948051943)}
2025-07-19 10:57:41,904 - INFO - 어노테이션 저장: annotations\2254.txt
2025-07-19 10:57:41,905 - INFO - 어노테이션 자동 저장 완료 - 다음 이미지로 이동
2025-07-19 10:57:43,783 - INFO - 바운딩 박스 추가: {'class': 0, 'x_center': np.float64(0.5899325284090909), 'y_center': np.float64(0.17028967126623362), 'width': np.float64(0.22077922077922074), 'height': np.float64(0.2191558441558441)}
2025-07-19 10:57:43,856 - INFO - 어노테이션 저장: annotations\2256.txt
2025-07-19 10:57:43,856 - INFO - 어노테이션 자동 저장 완료 - 다음 이미지로 이동
2025-07-19 10:57:45,425 - INFO - 바운딩 박스 추가: {'class': 0, 'x_center': np.float64(0.29366629464285715), 'y_center': np.float64(0.48522473620129863), 'width': np.float64(0.27110389610389607), 'height': np.float64(0.18668831168831168)}
2025-07-19 10:57:45,496 - INFO - 어노테이션 저장: annotations\2269.txt
2025-07-19 10:57:45,496 - INFO - 어노테이션 자동 저장 완료 - 다음 이미지로 이동
2025-07-19 10:57:46,931 - INFO - 바운딩 박스 추가: {'class': 0, 'x_center': np.float64(0.20356889204545459), 'y_center': np.float64(0.11428317775974012), 'width': np.float64(0.18506493506493504), 'height': np.float64(0.1655844155844156)}
2025-07-19 10:57:47,003 - INFO - 어노테이션 저장: annotations\2270.txt
2025-07-19 10:57:47,003 - INFO - 어노테이션 자동 저장 완료 - 다음 이미지로 이동
2025-07-19 10:57:48,572 - INFO - 바운딩 박스 추가: {'class': 0, 'x_center': np.float64(0.40811434659090917), 'y_center': np.float64(0.3740234374999999), 'width': np.float64(0.19155844155844148), 'height': np.float64(0.2012987012987013)}
2025-07-19 10:57:48,647 - INFO - 어노테이션 저장: annotations\2273.txt
2025-07-19 10:57:48,647 - INFO - 어노테이션 자동 저장 완료 - 다음 이미지로 이동
2025-07-19 10:57:50,190 - INFO - 바운딩 박스 추가: {'class': 0, 'x_center': np.float64(0.7693156452922079), 'y_center': np.float64(0.5355494115259739), 'width': np.float64(0.13149350649350655), 'height': np.float64(0.13474025974025983)}
2025-07-19 10:57:50,270 - INFO - 어노테이션 저장: annotations\2282.txt
2025-07-19 10:57:50,271 - INFO - 어노테이션 자동 저장 완료 - 다음 이미지로 이동
2025-07-19 10:57:51,868 - INFO - 바운딩 박스 추가: {'class': 0, 'x_center': np.float64(0.10535460633116883), 'y_center': np.float64(0.5680169439935063), 'width': np.float64(0.15746753246753253), 'height': np.float64(0.21915584415584416)}
2025-07-19 10:57:51,935 - INFO - 어노테이션 저장: annotations\2283.txt
2025-07-19 10:57:51,936 - INFO - 어노테이션 자동 저장 완료 - 다음 이미지로 이동
2025-07-19 10:57:53,443 - INFO - 바운딩 박스 추가: {'class': 0, 'x_center': np.float64(0.1150948660714286), 'y_center': np.float64(0.2579520089285713), 'width': np.float64(0.1607142857142857), 'height': np.float64(0.20616883116883122)}
2025-07-19 10:57:53,520 - INFO - 어노테이션 저장: annotations\2284.txt
2025-07-19 10:57:53,520 - INFO - 어노테이션 자동 저장 완료 - 다음 이미지로 이동
2025-07-19 10:57:54,729 - INFO - 바운딩 박스 추가: {'class': 0, 'x_center': np.float64(0.3391208400974026), 'y_center': np.float64(0.36915330762987003), 'width': np.float64(0.23538961038961037), 'height': np.float64(0.13961038961038963)}
2025-07-19 10:57:54,804 - INFO - 어노테이션 저장: annotations\2285.txt
2025-07-19 10:57:54,805 - INFO - 어노테이션 자동 저장 완료 - 다음 이미지로 이동
2025-07-19 10:57:56,169 - INFO - 바운딩 박스 추가: {'class': 0, 'x_center': np.float64(0.18490006087662342), 'y_center': np.float64(0.16136109983766223), 'width': np.float64(0.1737012987012987), 'height': np.float64(0.1558441558441559)}
2025-07-19 10:57:56,236 - INFO - 어노테이션 저장: annotations\2286.txt
2025-07-19 10:57:56,236 - INFO - 어노테이션 자동 저장 완료 - 다음 이미지로 이동
2025-07-19 10:57:57,696 - INFO - 바운딩 박스 추가: {'class': 0, 'x_center': np.float64(0.35454291801948057), 'y_center': np.float64(0.30340655438311676), 'width': np.float64(0.18831168831168832), 'height': np.float64(0.15746753246753242)}
2025-07-19 10:57:57,770 - INFO - 어노테이션 저장: annotations\2287.txt
2025-07-19 10:57:57,771 - INFO - 어노테이션 자동 저장 완료 - 다음 이미지로 이동
2025-07-19 10:57:59,604 - INFO - 바운딩 박스 추가: {'class': 0, 'x_center': np.float64(0.40162084009740273), 'y_center': np.float64(0.08506239853896091), 'width': np.float64(0.23376623376623384), 'height': np.float64(0.1428571428571428)}
2025-07-19 10:57:59,680 - INFO - 어노테이션 저장: annotations\2288.txt
2025-07-19 10:57:59,680 - INFO - 어노테이션 자동 저장 완료 - 다음 이미지로 이동
2025-07-19 10:58:01,145 - INFO - 바운딩 박스 추가: {'class': 0, 'x_center': np.float64(0.15162084009740262), 'y_center': np.float64(0.12321174918831163), 'width': np.float64(0.19480519480519487), 'height': np.float64(0.15422077922077915)}
2025-07-19 10:58:01,226 - INFO - 어노테이션 저장: annotations\2289.txt
2025-07-19 10:58:01,226 - INFO - 어노테이션 자동 저장 완료 - 다음 이미지로 이동
2025-07-19 10:58:03,369 - INFO - 바운딩 박스 추가: {'class': 0, 'x_center': np.float64(0.5436662946428572), 'y_center': np.float64(0.6873351258116882), 'width': np.float64(0.24837662337662358), 'height': np.float64(0.168831168831169)}
2025-07-19 10:58:03,445 - INFO - 어노테이션 저장: annotations\2290.txt
2025-07-19 10:58:03,446 - INFO - 어노테이션 자동 저장 완료 - 다음 이미지로 이동
2025-07-19 10:58:05,053 - INFO - 바운딩 박스 추가: {'class': 0, 'x_center': np.float64(0.38376369724025977), 'y_center': np.float64(0.23522473620129858), 'width': np.float64(0.16883116883116878), 'height': np.float64(0.1964285714285714)}
2025-07-19 10:58:05,134 - INFO - 어노테이션 저장: annotations\2291.txt
2025-07-19 10:58:05,134 - INFO - 어노테이션 자동 저장 완료 - 다음 이미지로 이동
2025-07-19 10:58:06,565 - INFO - 바운딩 박스 추가: {'class': 0, 'x_center': np.float64(0.6905818790584416), 'y_center': np.float64(0.4470753855519479), 'width': np.float64(0.18831168831168843), 'height': np.float64(0.15909090909090917)}
2025-07-19 10:58:06,635 - INFO - 어노테이션 저장: annotations\2292.txt
2025-07-19 10:58:06,635 - INFO - 어노테이션 자동 저장 완료 - 다음 이미지로 이동
2025-07-19 10:58:07,987 - INFO - 바운딩 박스 추가: {'class': 0, 'x_center': np.float64(0.4146078530844156), 'y_center': np.float64(0.35860135957792194), 'width': np.float64(0.18506493506493515), 'height': np.float64(0.15097402597402598)}
2025-07-19 10:58:08,060 - INFO - 어노테이션 저장: annotations\2293.txt
2025-07-19 10:58:08,060 - INFO - 어노테이션 자동 저장 완료 - 다음 이미지로 이동
2025-07-19 10:58:09,826 - INFO - 바운딩 박스 추가: {'class': 0, 'x_center': np.float64(0.18895850243506496), 'y_center': np.float64(0.6337636972402596), 'width': np.float64(0.20779220779220775), 'height': np.float64(0.20779220779220786)}
2025-07-19 10:58:09,902 - INFO - 어노테이션 저장: annotations\2294.txt
2025-07-19 10:58:09,902 - INFO - 어노테이션 자동 저장 완료 - 다음 이미지로 이동
2025-07-19 10:58:11,441 - INFO - 바운딩 박스 추가: {'class': 0, 'x_center': np.float64(0.2685039569805195), 'y_center': np.float64(0.7076273336038961), 'width': np.float64(0.17532467532467533), 'height': np.float64(0.16720779220779214)}
2025-07-19 10:58:11,522 - INFO - 어노테이션 저장: annotations\2295.txt
2025-07-19 10:58:11,522 - INFO - 어노테이션 자동 저장 완료 - 다음 이미지로 이동
2025-07-19 10:58:13,026 - INFO - 바운딩 박스 추가: {'class': 0, 'x_center': np.float64(0.16947798295454547), 'y_center': np.float64(0.634575385551948), 'width': np.float64(0.2272727272727273), 'height': np.float64(0.2646103896103895)}
2025-07-19 10:58:13,103 - INFO - 어노테이션 저장: annotations\2296.txt
2025-07-19 10:58:13,104 - INFO - 어노테이션 자동 저장 완료 - 다음 이미지로 이동
2025-07-19 10:58:14,703 - INFO - 바운딩 박스 추가: {'class': 0, 'x_center': np.float64(0.1467507102272727), 'y_center': np.float64(0.5655818790584415), 'width': np.float64(0.1655844155844156), 'height': np.float64(0.15259740259740262)}
2025-07-19 10:58:14,773 - INFO - 어노테이션 저장: annotations\2297.txt
2025-07-19 10:58:14,774 - INFO - 어노테이션 자동 저장 완료 - 다음 이미지로 이동
2025-07-19 10:58:16,337 - INFO - 바운딩 박스 추가: {'class': 0, 'x_center': np.float64(0.3545429180194805), 'y_center': np.float64(0.6232117491883116), 'width': np.float64(0.24675324675324672), 'height': np.float64(0.1866883116883118)}
2025-07-19 10:58:16,404 - INFO - 어노테이션 저장: annotations\2298.txt
2025-07-19 10:58:16,405 - INFO - 어노테이션 자동 저장 완료 - 다음 이미지로 이동
2025-07-19 10:58:18,140 - INFO - 바운딩 박스 추가: {'class': 0, 'x_center': np.float64(0.15567928165584416), 'y_center': np.float64(0.694640320616883), 'width': np.float64(0.1964285714285714), 'height': np.float64(0.13149350649350655)}
2025-07-19 10:58:18,218 - INFO - 어노테이션 저장: annotations\2299.txt
2025-07-19 10:58:18,218 - INFO - 어노테이션 자동 저장 완료 - 다음 이미지로 이동
2025-07-19 10:58:19,539 - INFO - 바운딩 박스 추가: {'class': 0, 'x_center': np.float64(0.47873122970779225), 'y_center': np.float64(0.4892831777597402), 'width': np.float64(0.14448051948051943), 'height': np.float64(0.12662337662337664)}
2025-07-19 10:58:19,617 - INFO - 어노테이션 저장: annotations\2300.txt
2025-07-19 10:58:19,617 - INFO - 어노테이션 자동 저장 완료 - 다음 이미지로 이동
2025-07-19 10:58:19,634 - INFO - 어노테이션 완료: 150개, 건너뛰기: 0개
