2025-07-19 10:58:37,505 - INFO - ============================================================
2025-07-19 10:58:37,519 - INFO - ============================================================
2025-07-19 10:58:37,520 - INFO - YOLO ͼ    Ϸ
2025-07-19 11:02:31,554 - INFO - ============================================================
2025-07-19 11:02:31,554 - INFO - AI 검사 시스템 YOLO8 배치 학습 시작
2025-07-19 11:02:31,554 - INFO - ============================================================
2025-07-19 11:02:31,555 - INFO - 기존 어노테이션 파일 150개 발견
2025-07-19 11:02:31,555 - INFO - YOLO 데이터셋 폴더 구조 생성 완료
2025-07-19 11:02:31,555 - INFO - 배치 단위 학습 시작
2025-07-19 11:02:31,555 - INFO - 1단계: 불량 이미지 집중 학습
2025-07-19 11:02:31,556 - INFO - 불량 이미지 150개 처리 시작
2025-07-19 11:02:31,557 - INFO - 기존 어노테이션 파일 150개 발견
2025-07-19 11:02:31,557 - INFO - 데이터셋 분할: 훈련 120개, 검증 30개
2025-07-19 11:02:31,675 - INFO - YAML 설정 파일 생성: yolo_dataset/dataset.yaml
2025-07-19 11:02:34,121 - INFO - YOLO 모델 로드: yolov8n.pt
2025-07-19 11:02:34,121 - INFO - YOLO 모델 학습 시작
2025-07-19 11:02:34,121 - INFO - 설정: epochs=20, batch_size=8, imgsz=640
2025-07-19 11:02:34,121 - INFO - 사용 디바이스: cpu
2025-07-19 11:05:55,055 - INFO - ============================================================
2025-07-19 11:05:55,055 - INFO - AI 검사 시스템 YOLO8 배치 학습 시작
2025-07-19 11:05:55,055 - INFO - ============================================================
2025-07-19 11:05:55,055 - INFO - 기존 어노테이션 파일 150개 발견
2025-07-19 11:05:55,055 - INFO - YOLO 데이터셋 폴더 구조 생성 완료
2025-07-19 11:05:55,055 - INFO - 배치 단위 학습 시작
2025-07-19 11:05:55,055 - INFO - 1단계: 불량 이미지 집중 학습
2025-07-19 11:05:55,055 - INFO - 불량 이미지 150개 처리 시작
2025-07-19 11:05:55,073 - INFO - 기존 어노테이션 파일 150개 발견
2025-07-19 11:05:55,073 - INFO - 불량 이미지 150개로 초기 학습
2025-07-19 11:05:55,074 - INFO - 데이터셋 분할: 훈련 120개, 검증 30개
2025-07-19 11:05:55,186 - INFO - YAML 설정 파일 생성: yolo_dataset/dataset.yaml
2025-07-19 11:05:55,304 - INFO - YOLO 모델 로드: yolov8n.pt
2025-07-19 11:05:55,304 - INFO - YOLO 모델 학습 시작
2025-07-19 11:05:55,304 - INFO - 설정: epochs=20, batch_size=8, imgsz=640
2025-07-19 11:05:55,304 - INFO - 사용 디바이스: cpu
2025-07-19 11:15:03,506 - INFO - 모델 학습 완료
2025-07-19 11:15:03,506 - INFO - 불량 이미지 학습 완료
2025-07-19 11:15:03,506 - INFO - 2단계: 정상 + 불량 통합 학습
2025-07-19 11:15:03,506 - INFO - 정상 이미지 1000개 처리 시작
2025-07-19 11:15:03,506 - INFO - 정상 이미지 450개 선택 (전체 1000개 중)
2025-07-19 11:15:03,617 - INFO - 정상 이미지 450개 준비 완료
2025-07-19 11:15:03,618 - INFO - 데이터 비율 - 불량:정상 = 150:450 (약 1:3)
2025-07-19 11:15:03,618 - INFO - 통합 데이터셋: 총 600개
2025-07-19 11:15:03,619 - INFO -   - 불량: 150개 (25.0%)
2025-07-19 11:15:03,619 - INFO -   - 정상: 450개 (75.0%)
2025-07-19 11:15:03,620 - INFO - 데이터셋 분할: 훈련 480개, 검증 120개
2025-07-19 11:15:03,639 - INFO - YOLO 데이터셋 폴더 구조 생성 완료
2025-07-19 11:15:04,349 - INFO - YAML 설정 파일 생성: yolo_dataset/dataset.yaml
2025-07-19 11:15:04,349 - INFO - YOLO 모델 학습 시작
2025-07-19 11:15:04,349 - INFO - 설정: epochs=20, batch_size=16, imgsz=640
2025-07-19 11:15:04,349 - INFO - 사용 디바이스: cpu
2025-07-19 11:36:21,790 - INFO - 모델 학습 완료
2025-07-19 11:36:21,790 - INFO - 통합 데이터셋 학습 완료
2025-07-19 11:36:21,790 - INFO - 3단계: 최종 미세 조정
2025-07-19 11:36:21,790 - INFO - YOLO 모델 학습 시작
2025-07-19 11:36:21,790 - INFO - 설정: epochs=10, batch_size=8, imgsz=640
2025-07-19 11:36:21,790 - INFO - 사용 디바이스: cpu
2025-07-19 11:53:24,922 - INFO - 모델 학습 완료
2025-07-19 11:53:33,620 - INFO - 모델 검증 완료
2025-07-19 11:53:33,660 - INFO - 모델 저장: defect_detection_model_20250719_115333.pt
2025-07-19 11:53:33,660 - INFO - 배치 학습 완료!
2025-07-19 11:53:33,660 - INFO - 최종 데이터셋 구성:
2025-07-19 11:53:33,660 - INFO -   - 불량 이미지: 150개
2025-07-19 11:53:33,660 - INFO -   - 정상 이미지: 450개
2025-07-19 11:53:33,660 - INFO -   - 총 학습 데이터: 600개
2025-07-19 11:53:33,660 - INFO - ============================================================
2025-07-19 11:53:33,660 - INFO - YOLO8 배치 학습 완료!
2025-07-19 11:53:33,660 - INFO - 저장된 모델: defect_detection_model_20250719_115333.pt
2025-07-19 11:53:33,660 - INFO - ============================================================
